
*** Running vivado
    with args -log SCPU_TOP.vds -m64 -product Vivado -mode batch -messageDb vivado.pb -notrace -source SCPU_TOP.tcl


****** Vivado v2019.2 (64-bit)
  **** SW Build 2708876 on Wed Nov  6 21:40:23 MST 2019
  **** IP Build 2700528 on Thu Nov  7 00:09:20 MST 2019
    ** Copyright 1986-2019 Xilinx, Inc. All Rights Reserved.

source SCPU_TOP.tcl -notrace
Command: synth_design -top SCPU_TOP -part xc7a100tcsg324-1
Starting synth_design
Attempting to get a license for feature 'Synthesis' and/or device 'xc7a100t'
INFO: [Common 17-349] Got license for feature 'Synthesis' and/or device 'xc7a100t'
INFO: [Device 21-403] Loading part xc7a100tcsg324-1
INFO: Launching helper process for spawning children vivado processes
INFO: Helper process launched with PID 8 
---------------------------------------------------------------------------------
Starting RTL Elaboration : Time (s): cpu = 00:00:02 ; elapsed = 00:00:02 . Memory (MB): peak = 975.824 ; gain = 234.020
---------------------------------------------------------------------------------
INFO: [Synth 8-6157] synthesizing module 'SCPU_TOP' [C:/Users/ThD/Desktop/com_con/SCPU_TOP/SCPU_TOP.srcs/sources_1/new/SCPU_TOP.v:22]
	Parameter LED_DATA_NUM bound to: 19 - type: integer 
	Parameter ROM_DATA_NUM bound to: 11 - type: integer 
WARNING: [Synth 8-567] referenced signal 'instr' should be on the sensitivity list [C:/Users/ThD/Desktop/com_con/SCPU_TOP/SCPU_TOP.srcs/sources_1/new/SCPU_TOP.v:98]
WARNING: [Synth 8-567] referenced signal 'led_disp_data' should be on the sensitivity list [C:/Users/ThD/Desktop/com_con/SCPU_TOP/SCPU_TOP.srcs/sources_1/new/SCPU_TOP.v:98]
INFO: [Synth 8-6157] synthesizing module 'dist_mem_im' [C:/Users/ThD/Desktop/com_con/SCPU_TOP/SCPU_TOP.runs/synth_1/.Xil/Vivado-12152-DESKTOP-ThD/realtime/dist_mem_im_stub.v:6]
INFO: [Synth 8-6155] done synthesizing module 'dist_mem_im' (1#1) [C:/Users/ThD/Desktop/com_con/SCPU_TOP/SCPU_TOP.runs/synth_1/.Xil/Vivado-12152-DESKTOP-ThD/realtime/dist_mem_im_stub.v:6]
INFO: [Synth 8-6157] synthesizing module 'seg7x16' [C:/Users/ThD/Desktop/com_con/SCPU_TOP/SCPU_TOP.srcs/sources_1/new/seg7x16.v:1]
INFO: [Synth 8-6155] done synthesizing module 'seg7x16' (2#1) [C:/Users/ThD/Desktop/com_con/SCPU_TOP/SCPU_TOP.srcs/sources_1/new/seg7x16.v:1]
INFO: [Synth 8-6155] done synthesizing module 'SCPU_TOP' (3#1) [C:/Users/ThD/Desktop/com_con/SCPU_TOP/SCPU_TOP.srcs/sources_1/new/SCPU_TOP.v:22]
WARNING: [Synth 8-3331] design SCPU_TOP has unconnected port sw_i[10]
WARNING: [Synth 8-3331] design SCPU_TOP has unconnected port sw_i[9]
WARNING: [Synth 8-3331] design SCPU_TOP has unconnected port sw_i[8]
WARNING: [Synth 8-3331] design SCPU_TOP has unconnected port sw_i[7]
WARNING: [Synth 8-3331] design SCPU_TOP has unconnected port sw_i[6]
WARNING: [Synth 8-3331] design SCPU_TOP has unconnected port sw_i[5]
WARNING: [Synth 8-3331] design SCPU_TOP has unconnected port sw_i[4]
WARNING: [Synth 8-3331] design SCPU_TOP has unconnected port sw_i[3]
WARNING: [Synth 8-3331] design SCPU_TOP has unconnected port sw_i[2]
WARNING: [Synth 8-3331] design SCPU_TOP has unconnected port sw_i[1]
---------------------------------------------------------------------------------
Finished RTL Elaboration : Time (s): cpu = 00:00:02 ; elapsed = 00:00:03 . Memory (MB): peak = 1048.363 ; gain = 306.559
---------------------------------------------------------------------------------

Report Check Netlist: 
+------+------------------+-------+---------+-------+------------------+
|      |Item              |Errors |Warnings |Status |Description       |
+------+------------------+-------+---------+-------+------------------+
|1     |multi_driven_nets |      0|        0|Passed |Multi driven nets |
+------+------------------+-------+---------+-------+------------------+
---------------------------------------------------------------------------------
Start Handling Custom Attributes
---------------------------------------------------------------------------------
---------------------------------------------------------------------------------
Finished Handling Custom Attributes : Time (s): cpu = 00:00:03 ; elapsed = 00:00:03 . Memory (MB): peak = 1048.363 ; gain = 306.559
---------------------------------------------------------------------------------
---------------------------------------------------------------------------------
Finished RTL Optimization Phase 1 : Time (s): cpu = 00:00:03 ; elapsed = 00:00:03 . Memory (MB): peak = 1048.363 ; gain = 306.559
---------------------------------------------------------------------------------
Netlist sorting complete. Time (s): cpu = 00:00:00 ; elapsed = 00:00:00.005 . Memory (MB): peak = 1048.363 ; gain = 0.000
INFO: [Project 1-570] Preparing netlist for logic optimization

Processing XDC Constraints
Initializing timing engine
Parsing XDC File [c:/Users/ThD/Desktop/com_con/SCPU_TOP/SCPU_TOP.srcs/sources_1/ip/dist_mem_im/dist_mem_im/dist_mem_im_in_context.xdc] for cell 'U_IM'
Finished Parsing XDC File [c:/Users/ThD/Desktop/com_con/SCPU_TOP/SCPU_TOP.srcs/sources_1/ip/dist_mem_im/dist_mem_im/dist_mem_im_in_context.xdc] for cell 'U_IM'
Parsing XDC File [C:/Users/ThD/Desktop/资料系列/icf.xdc]
WARNING: [Vivado 12-507] No nets matched 'sw_i_IBUF[15]'. [C:/Users/ThD/Desktop/资料系列/icf.xdc:5]
WARNING: [Vivado 12-507] No nets matched 'BTNC_IBUF'. [C:/Users/ThD/Desktop/资料系列/icf.xdc:6]
WARNING: [Vivado 12-584] No ports matched 'led_o[0]'. [C:/Users/ThD/Desktop/资料系列/icf.xdc:47]
WARNING: [Vivado 12-584] No ports matched 'led_o[1]'. [C:/Users/ThD/Desktop/资料系列/icf.xdc:48]
WARNING: [Vivado 12-584] No ports matched 'led_o[2]'. [C:/Users/ThD/Desktop/资料系列/icf.xdc:49]
WARNING: [Vivado 12-584] No ports matched 'led_o[3]'. [C:/Users/ThD/Desktop/资料系列/icf.xdc:50]
WARNING: [Vivado 12-584] No ports matched 'led_o[4]'. [C:/Users/ThD/Desktop/资料系列/icf.xdc:51]
WARNING: [Vivado 12-584] No ports matched 'led_o[5]'. [C:/Users/ThD/Desktop/资料系列/icf.xdc:52]
WARNING: [Vivado 12-584] No ports matched 'led_o[6]'. [C:/Users/ThD/Desktop/资料系列/icf.xdc:53]
WARNING: [Vivado 12-584] No ports matched 'led_o[7]'. [C:/Users/ThD/Desktop/资料系列/icf.xdc:54]
WARNING: [Vivado 12-584] No ports matched 'led_o[8]'. [C:/Users/ThD/Desktop/资料系列/icf.xdc:55]
WARNING: [Vivado 12-584] No ports matched 'led_o[9]'. [C:/Users/ThD/Desktop/资料系列/icf.xdc:56]
WARNING: [Vivado 12-584] No ports matched 'led_o[10]'. [C:/Users/ThD/Desktop/资料系列/icf.xdc:57]
WARNING: [Vivado 12-584] No ports matched 'led_o[11]'. [C:/Users/ThD/Desktop/资料系列/icf.xdc:58]
WARNING: [Vivado 12-584] No ports matched 'led_o[12]'. [C:/Users/ThD/Desktop/资料系列/icf.xdc:59]
WARNING: [Vivado 12-584] No ports matched 'led_o[13]'. [C:/Users/ThD/Desktop/资料系列/icf.xdc:60]
WARNING: [Vivado 12-584] No ports matched 'led_o[14]'. [C:/Users/ThD/Desktop/资料系列/icf.xdc:61]
WARNING: [Vivado 12-584] No ports matched 'led_o[15]'. [C:/Users/ThD/Desktop/资料系列/icf.xdc:62]
WARNING: [Vivado 12-584] No ports matched 'CPU_RESETN'. [C:/Users/ThD/Desktop/资料系列/icf.xdc:66]
WARNING: [Vivado 12-584] No ports matched 'BTNC'. [C:/Users/ThD/Desktop/资料系列/icf.xdc:67]
WARNING: [Vivado 12-584] No ports matched 'BTNU'. [C:/Users/ThD/Desktop/资料系列/icf.xdc:68]
WARNING: [Vivado 12-584] No ports matched 'BTNL'. [C:/Users/ThD/Desktop/资料系列/icf.xdc:69]
WARNING: [Vivado 12-584] No ports matched 'BTNR'. [C:/Users/ThD/Desktop/资料系列/icf.xdc:70]
WARNING: [Vivado 12-584] No ports matched 'BTND'. [C:/Users/ThD/Desktop/资料系列/icf.xdc:71]
Finished Parsing XDC File [C:/Users/ThD/Desktop/资料系列/icf.xdc]
WARNING: [Project 1-498] One or more constraints failed evaluation while reading constraint file [C:/Users/ThD/Desktop/资料系列/icf.xdc] and the design contains unresolved black boxes. These constraints will be read post-synthesis (as long as their source constraint file is marked as used_in_implementation) and should be applied correctly then. You should review the constraints listed in the file [.Xil/SCPU_TOP_propImpl.xdc] and check the run log file to verify that these constraints were correctly applied.
INFO: [Project 1-236] Implementation specific constraints were found while reading constraint file [C:/Users/ThD/Desktop/资料系列/icf.xdc]. These constraints will be ignored for synthesis but will be used in implementation. Impacted constraints are listed in the file [.Xil/SCPU_TOP_propImpl.xdc].
Resolution: To avoid this warning, move constraints listed in [.Xil/SCPU_TOP_propImpl.xdc] to another XDC file and exclude this new file from synthesis with the used_in_synthesis property (File Properties dialog in GUI) and re-run elaboration/synthesis.
Completed Processing XDC Constraints

Netlist sorting complete. Time (s): cpu = 00:00:00 ; elapsed = 00:00:00 . Memory (MB): peak = 1147.008 ; gain = 0.000
INFO: [Project 1-111] Unisim Transformation Summary:
No Unisim elements were transformed.

Constraint Validation Runtime : Time (s): cpu = 00:00:00 ; elapsed = 00:00:00.002 . Memory (MB): peak = 1147.008 ; gain = 0.000
---------------------------------------------------------------------------------
Finished Constraint Validation : Time (s): cpu = 00:00:06 ; elapsed = 00:00:07 . Memory (MB): peak = 1147.008 ; gain = 405.203
---------------------------------------------------------------------------------
---------------------------------------------------------------------------------
Start Loading Part and Timing Information
---------------------------------------------------------------------------------
Loading part: xc7a100tcsg324-1
---------------------------------------------------------------------------------
Finished Loading Part and Timing Information : Time (s): cpu = 00:00:06 ; elapsed = 00:00:07 . Memory (MB): peak = 1147.008 ; gain = 405.203
---------------------------------------------------------------------------------
---------------------------------------------------------------------------------
Start Applying 'set_property' XDC Constraints
---------------------------------------------------------------------------------
Applied set_property DONT_TOUCH = true for U_IM. (constraint file  auto generated constraint, line ).
---------------------------------------------------------------------------------
Finished applying 'set_property' XDC Constraints : Time (s): cpu = 00:00:06 ; elapsed = 00:00:07 . Memory (MB): peak = 1147.008 ; gain = 405.203
---------------------------------------------------------------------------------
INFO: [Synth 8-5587] ROM size for "o_seg_r" is below threshold of ROM address width. It will be mapped to LUTs
---------------------------------------------------------------------------------
Finished RTL Optimization Phase 2 : Time (s): cpu = 00:00:06 ; elapsed = 00:00:07 . Memory (MB): peak = 1147.008 ; gain = 405.203
---------------------------------------------------------------------------------

Report RTL Partitions: 
+-+--------------+------------+----------+
| |RTL Partition |Replication |Instances |
+-+--------------+------------+----------+
+-+--------------+------------+----------+
---------------------------------------------------------------------------------
Start RTL Component Statistics 
---------------------------------------------------------------------------------
Detailed RTL Component Info : 
+---Adders : 
	   2 Input      6 Bit       Adders := 1     
	   2 Input      4 Bit       Adders := 1     
	   2 Input      3 Bit       Adders := 1     
+---Registers : 
	               64 Bit    Registers := 2     
	                8 Bit    Registers := 1     
	                6 Bit    Registers := 1     
	                4 Bit    Registers := 1     
	                3 Bit    Registers := 1     
+---ROMs : 
	                              ROMs := 1     
+---Muxes : 
	   2 Input     64 Bit        Muxes := 1     
	   5 Input     32 Bit        Muxes := 1     
	   2 Input      8 Bit        Muxes := 1     
	  18 Input      8 Bit        Muxes := 1     
	   8 Input      8 Bit        Muxes := 1     
	   2 Input      6 Bit        Muxes := 1     
	   2 Input      4 Bit        Muxes := 1     
	   2 Input      1 Bit        Muxes := 1     
---------------------------------------------------------------------------------
Finished RTL Component Statistics 
---------------------------------------------------------------------------------
---------------------------------------------------------------------------------
Start RTL Hierarchical Component Statistics 
---------------------------------------------------------------------------------
Hierarchical RTL Component report 
Module SCPU_TOP 
Detailed RTL Component Info : 
+---Adders : 
	   2 Input      6 Bit       Adders := 1     
	   2 Input      4 Bit       Adders := 1     
+---Registers : 
	               64 Bit    Registers := 1     
	                6 Bit    Registers := 1     
	                4 Bit    Registers := 1     
+---ROMs : 
	                              ROMs := 1     
+---Muxes : 
	   2 Input     64 Bit        Muxes := 1     
	   5 Input     32 Bit        Muxes := 1     
	   2 Input      6 Bit        Muxes := 1     
	   2 Input      4 Bit        Muxes := 1     
	   2 Input      1 Bit        Muxes := 1     
Module seg7x16 
Detailed RTL Component Info : 
+---Adders : 
	   2 Input      3 Bit       Adders := 1     
+---Registers : 
	               64 Bit    Registers := 1     
	                8 Bit    Registers := 1     
	                3 Bit    Registers := 1     
+---Muxes : 
	   2 Input      8 Bit        Muxes := 1     
	  18 Input      8 Bit        Muxes := 1     
	   8 Input      8 Bit        Muxes := 1     
---------------------------------------------------------------------------------
Finished RTL Hierarchical Component Statistics
---------------------------------------------------------------------------------
---------------------------------------------------------------------------------
Start Part Resource Summary
---------------------------------------------------------------------------------
Part Resources:
DSPs: 240 (col length:80)
BRAMs: 270 (col length: RAMB18 80 RAMB36 40)
---------------------------------------------------------------------------------
Finished Part Resource Summary
---------------------------------------------------------------------------------
---------------------------------------------------------------------------------
Start Cross Boundary and Area Optimization
---------------------------------------------------------------------------------
Warning: Parallel synthesis criteria is not met 
---------------------------------------------------------------------------------
Finished Cross Boundary and Area Optimization : Time (s): cpu = 00:00:07 ; elapsed = 00:00:08 . Memory (MB): peak = 1147.008 ; gain = 405.203
---------------------------------------------------------------------------------
---------------------------------------------------------------------------------
Start ROM, RAM, DSP and Shift Register Reporting
---------------------------------------------------------------------------------

ROM:
+------------+-------------------+---------------+----------------+
|Module Name | RTL Object        | Depth x Width | Implemented As | 
+------------+-------------------+---------------+----------------+
|SCPU_TOP    | led_disp_data_reg | 32x64         | Block RAM      | 
+------------+-------------------+---------------+----------------+

---------------------------------------------------------------------------------
Finished ROM, RAM, DSP and Shift Register Reporting
---------------------------------------------------------------------------------

Report RTL Partitions: 
+-+--------------+------------+----------+
| |RTL Partition |Replication |Instances |
+-+--------------+------------+----------+
+-+--------------+------------+----------+
---------------------------------------------------------------------------------
Start Applying XDC Timing Constraints
---------------------------------------------------------------------------------
---------------------------------------------------------------------------------
Finished Applying XDC Timing Constraints : Time (s): cpu = 00:00:12 ; elapsed = 00:00:12 . Memory (MB): peak = 1147.008 ; gain = 405.203
---------------------------------------------------------------------------------
---------------------------------------------------------------------------------
Start Timing Optimization
---------------------------------------------------------------------------------
---------------------------------------------------------------------------------
Finished Timing Optimization : Time (s): cpu = 00:00:12 ; elapsed = 00:00:13 . Memory (MB): peak = 1156.828 ; gain = 415.023
---------------------------------------------------------------------------------

Report RTL Partitions: 
+-+--------------+------------+----------+
| |RTL Partition |Replication |Instances |
+-+--------------+------------+----------+
+-+--------------+------------+----------+
---------------------------------------------------------------------------------
Start Technology Mapping
---------------------------------------------------------------------------------
INFO: [Synth 8-7053] The timing for the instance led_disp_data_reg_0 (implemented as a Block RAM) might be sub-optimal as no optional output register could be merged into the ram block. Providing additional output register may help in improving timing.
INFO: [Synth 8-7053] The timing for the instance led_disp_data_reg_0 (implemented as a Block RAM) might be sub-optimal as no optional output register could be merged into the ram block. Providing additional output register may help in improving timing.
INFO: [Synth 8-7053] The timing for the instance led_disp_data_reg_1 (implemented as a Block RAM) might be sub-optimal as no optional output register could be merged into the ram block. Providing additional output register may help in improving timing.
INFO: [Synth 8-7053] The timing for the instance led_disp_data_reg_1 (implemented as a Block RAM) might be sub-optimal as no optional output register could be merged into the ram block. Providing additional output register may help in improving timing.
---------------------------------------------------------------------------------
Finished Technology Mapping : Time (s): cpu = 00:00:12 ; elapsed = 00:00:13 . Memory (MB): peak = 1156.828 ; gain = 415.023
---------------------------------------------------------------------------------

Report RTL Partitions: 
+-+--------------+------------+----------+
| |RTL Partition |Replication |Instances |
+-+--------------+------------+----------+
+-+--------------+------------+----------+
---------------------------------------------------------------------------------
Start IO Insertion
---------------------------------------------------------------------------------
---------------------------------------------------------------------------------
Start Flattening Before IO Insertion
---------------------------------------------------------------------------------
---------------------------------------------------------------------------------
Finished Flattening Before IO Insertion
---------------------------------------------------------------------------------
---------------------------------------------------------------------------------
Start Final Netlist Cleanup
---------------------------------------------------------------------------------
---------------------------------------------------------------------------------
Finished Final Netlist Cleanup
---------------------------------------------------------------------------------
---------------------------------------------------------------------------------
Finished IO Insertion : Time (s): cpu = 00:00:14 ; elapsed = 00:00:15 . Memory (MB): peak = 1163.070 ; gain = 421.266
---------------------------------------------------------------------------------
---------------------------------------------------------------------------------
Start Renaming Generated Instances
---------------------------------------------------------------------------------
---------------------------------------------------------------------------------
Finished Renaming Generated Instances : Time (s): cpu = 00:00:14 ; elapsed = 00:00:15 . Memory (MB): peak = 1163.070 ; gain = 421.266
---------------------------------------------------------------------------------

Report RTL Partitions: 
+-+--------------+------------+----------+
| |RTL Partition |Replication |Instances |
+-+--------------+------------+----------+
+-+--------------+------------+----------+

Report Check Netlist: 
+------+------------------+-------+---------+-------+------------------+
|      |Item              |Errors |Warnings |Status |Description       |
+------+------------------+-------+---------+-------+------------------+
|1     |multi_driven_nets |      0|        0|Passed |Multi driven nets |
+------+------------------+-------+---------+-------+------------------+
---------------------------------------------------------------------------------
Start Rebuilding User Hierarchy
---------------------------------------------------------------------------------
---------------------------------------------------------------------------------
Finished Rebuilding User Hierarchy : Time (s): cpu = 00:00:14 ; elapsed = 00:00:15 . Memory (MB): peak = 1163.070 ; gain = 421.266
---------------------------------------------------------------------------------
---------------------------------------------------------------------------------
Start Renaming Generated Ports
---------------------------------------------------------------------------------
---------------------------------------------------------------------------------
Finished Renaming Generated Ports : Time (s): cpu = 00:00:14 ; elapsed = 00:00:15 . Memory (MB): peak = 1163.070 ; gain = 421.266
---------------------------------------------------------------------------------
---------------------------------------------------------------------------------
Start Handling Custom Attributes
---------------------------------------------------------------------------------
---------------------------------------------------------------------------------
Finished Handling Custom Attributes : Time (s): cpu = 00:00:14 ; elapsed = 00:00:15 . Memory (MB): peak = 1163.109 ; gain = 421.305
---------------------------------------------------------------------------------
---------------------------------------------------------------------------------
Start Renaming Generated Nets
---------------------------------------------------------------------------------
---------------------------------------------------------------------------------
Finished Renaming Generated Nets : Time (s): cpu = 00:00:14 ; elapsed = 00:00:15 . Memory (MB): peak = 1163.109 ; gain = 421.305
---------------------------------------------------------------------------------
---------------------------------------------------------------------------------
Start Writing Synthesis Report
---------------------------------------------------------------------------------

Report BlackBoxes: 
+------+--------------+----------+
|      |BlackBox name |Instances |
+------+--------------+----------+
|1     |dist_mem_im   |         1|
+------+--------------+----------+

Report Cell Usage: 
+------+------------+------+
|      |Cell        |Count |
+------+------------+------+
|1     |dist_mem_im |     1|
|2     |BUFG        |     1|
|3     |CARRY4      |    11|
|4     |LUT1        |     6|
|5     |LUT2        |     4|
|6     |LUT3        |    42|
|7     |LUT4        |    65|
|8     |LUT5        |    16|
|9     |LUT6        |    46|
|10    |MUXF7       |    28|
|11    |MUXF8       |    14|
|12    |RAMB18E1    |     1|
|13    |RAMB18E1_1  |     1|
|14    |FDCE        |   121|
|15    |FDPE        |     8|
|16    |IBUF        |     8|
|17    |OBUF        |    16|
+------+------------+------+

Report Instance Areas: 
+------+------------+--------+------+
|      |Instance    |Module  |Cells |
+------+------------+--------+------+
|1     |top         |        |   420|
|2     |  u_seg7x16 |seg7x16 |   298|
+------+------------+--------+------+
---------------------------------------------------------------------------------
Finished Writing Synthesis Report : Time (s): cpu = 00:00:14 ; elapsed = 00:00:15 . Memory (MB): peak = 1163.109 ; gain = 421.305
---------------------------------------------------------------------------------
Synthesis finished with 0 errors, 0 critical warnings and 0 warnings.
Synthesis Optimization Runtime : Time (s): cpu = 00:00:10 ; elapsed = 00:00:14 . Memory (MB): peak = 1163.109 ; gain = 322.660
Synthesis Optimization Complete : Time (s): cpu = 00:00:14 ; elapsed = 00:00:15 . Memory (MB): peak = 1163.109 ; gain = 421.305
INFO: [Project 1-571] Translating synthesized netlist
Netlist sorting complete. Time (s): cpu = 00:00:00 ; elapsed = 00:00:00.004 . Memory (MB): peak = 1175.156 ; gain = 0.000
INFO: [Netlist 29-17] Analyzing 55 Unisim elements for replacement
INFO: [Netlist 29-28] Unisim Transformation completed in 0 CPU seconds
INFO: [Project 1-570] Preparing netlist for logic optimization
INFO: [Opt 31-138] Pushed 0 inverter(s) to 0 load pin(s).
Netlist sorting complete. Time (s): cpu = 00:00:00 ; elapsed = 00:00:00 . Memory (MB): peak = 1175.156 ; gain = 0.000
INFO: [Project 1-111] Unisim Transformation Summary:
No Unisim elements were transformed.

INFO: [Common 17-83] Releasing license: Synthesis
23 Infos, 37 Warnings, 0 Critical Warnings and 0 Errors encountered.
synth_design completed successfully
synth_design: Time (s): cpu = 00:00:18 ; elapsed = 00:00:19 . Memory (MB): peak = 1175.156 ; gain = 719.309
Netlist sorting complete. Time (s): cpu = 00:00:00 ; elapsed = 00:00:00.001 . Memory (MB): peak = 1175.156 ; gain = 0.000
WARNING: [Constraints 18-5210] No constraints selected for write.
Resolution: This message can indicate that there are no constraints for the design, or it can indicate that the used_in flags are set such that the constraints are ignored. This later case is used when running synth_design to not write synthesis constraints to the resulting checkpoint. Instead, project constraints are read when the synthesized design is opened.
INFO: [Common 17-1381] The checkpoint 'C:/Users/ThD/Desktop/com_con/SCPU_TOP/SCPU_TOP.runs/synth_1/SCPU_TOP.dcp' has been generated.
INFO: [runtcl-4] Executing : report_utilization -file SCPU_TOP_utilization_synth.rpt -pb SCPU_TOP_utilization_synth.pb
INFO: [Common 17-206] Exiting Vivado at Sun Nov 24 10:58:04 2024...
