#-----------------------------------------------------------
# Vivado v2019.2 (64-bit)
# SW Build 2708876 on Wed Nov  6 21:40:23 MST 2019
# IP Build 2700528 on Thu Nov  7 00:09:20 MST 2019
# Start of session at: Sun Nov 24 14:50:09 2024
# Process ID: 15012
# Current directory: C:/Users/ThD/Desktop/com_con/sccomp
# Command line: vivado.exe -gui_launcher_event rodinguilauncherevent15240 C:\Users\ThD\Desktop\com_con\sccomp\sccomp.xpr
# Log file: C:/Users/ThD/Desktop/com_con/sccomp/vivado.log
# Journal file: C:/Users/ThD/Desktop/com_con/sccomp\vivado.jou
#-----------------------------------------------------------
start_gui
open_project C:/Users/ThD/Desktop/com_con/sccomp/sccomp.xpr
Scanning sources...
Finished scanning sources
INFO: [IP_Flow 19-234] Refreshing IP repositories
INFO: [IP_Flow 19-1704] No user IP repositories specified
INFO: [IP_Flow 19-2313] Loaded Vivado IP repository 'D:/vivado/Vivado/2019.2/data/ip'.
update_compile_order -fileset sources_1
exit
INFO: [Common 17-206] Exiting Vivado at Sun Nov 24 14:52:31 2024...
