Copyright 1986-2019 Xilinx, Inc. All Rights Reserved.
------------------------------------------------------------------------------------------------------------
| Tool Version : Vivado v.2019.2 (win64) Build 2708876 Wed Nov  6 21:40:23 MST 2019
| Date         : Sun Nov 24 09:02:12 2024
| Host         : DESKTOP-ThD running 64-bit major release  (build 9200)
| Command      : report_drc -file sccomp_drc_routed.rpt -pb sccomp_drc_routed.pb -rpx sccomp_drc_routed.rpx
| Design       : sccomp
| Device       : xc7a100tcsg324-1
| Speed File   : -1
| Design State : Fully Routed
------------------------------------------------------------------------------------------------------------

Report DRC

Table of Contents
-----------------
1. REPORT SUMMARY
2. REPORT DETAILS

1. REPORT SUMMARY
-----------------
            Netlist: netlist
          Floorplan: design_1
      Design limits: <entire design considered>
           Ruledeck: default
             Max violations: <unlimited>
             Violations found: 5
+-------------+----------+-------------------------------------------------------------+------------+
| Rule        | Severity | Description                                                 | Violations |
+-------------+----------+-------------------------------------------------------------+------------+
| CFGBVS-1    | Warning  | Missing CFGBVS and CONFIG_VOLTAGE Design Properties         | 1          |
| PDRC-153    | Warning  | Gated clock check                                           | 1          |
| PLHOLDVIO-2 | Warning  | Non-Optimal connections which could lead to hold violations | 1          |
| RPBF-3      | Warning  | IO port buffering is incomplete                             | 2          |
+-------------+----------+-------------------------------------------------------------+------------+

2. REPORT DETAILS
-----------------
CFGBVS-1#1 Warning
Missing CFGBVS and CONFIG_VOLTAGE Design Properties  
Neither the CFGBVS nor CONFIG_VOLTAGE voltage property is set in the current_design.  Configuration bank voltage select (CFGBVS) must be set to VCCO or GND, and CONFIG_VOLTAGE must be set to the correct configuration voltage, in order to determine the I/O voltage support for the pins in bank 0.  It is suggested to specify these either using the 'Edit Device Properties' function in the GUI or directly in the XDC file using the following syntax:

 set_property CFGBVS value1 [current_design]
 #where value1 is either VCCO or GND

 set_property CONFIG_VOLTAGE value2 [current_design]
 #where value2 is the voltage provided to configuration bank 0

Refer to the device configuration user guide for more information.
Related violations: <none>

PDRC-153#1 Warning
Gated clock check  
Net clk_CPU is a gated clock net sourced by a combinational pin led_data_addr[2]_i_2/O, cell led_data_addr[2]_i_2. This is not good design practice and will likely impact performance. For SLICE registers, for example, use the CE pin to control the loading of data.
Related violations: <none>

PLHOLDVIO-2#1 Warning
Non-Optimal connections which could lead to hold violations  
A LUT led_data_addr[2]_i_2 is driving clock pin of 21 cells. This could lead to large hold time violations. Involved cells are:
led_data_addr_reg[0], led_data_addr_reg[1], led_data_addr_reg[2], led_disp_data_reg[0], led_disp_data_reg[10], led_disp_data_reg[11], led_disp_data_reg[12], led_disp_data_reg[13], led_disp_data_reg[14], led_disp_data_reg[16], led_disp_data_reg[17], led_disp_data_reg[18], led_disp_data_reg[19], led_disp_data_reg[20], led_disp_data_reg[21] (the first 15 of 21 listed)
Related violations: <none>

RPBF-3#1 Warning
IO port buffering is incomplete  
Device port sw_i[0] expects both input and output buffering but the buffers are incomplete.
Related violations: <none>

RPBF-3#2 Warning
IO port buffering is incomplete  
Device port sw_i[15] expects both input and output buffering but the buffers are incomplete.
Related violations: <none>


