#-----------------------------------------------------------
# Vivado v2019.2 (64-bit)
# SW Build 2708876 on Wed Nov  6 21:40:23 MST 2019
# IP Build 2700528 on Thu Nov  7 00:09:20 MST 2019
# Start of session at: Sun Dec  8 11:00:59 2024
# Process ID: 8148
# Current directory: C:/Users/ThD/Desktop/com_con/alu_RF
# Command line: vivado.exe -gui_launcher_event rodinguilauncherevent9236 C:\Users\ThD\Desktop\com_con\alu_RF\SCPU_TOP.xpr
# Log file: C:/Users/ThD/Desktop/com_con/alu_RF/vivado.log
# Journal file: C:/Users/ThD/Desktop/com_con/alu_RF\vivado.jou
#-----------------------------------------------------------
start_gui
open_project C:/Users/ThD/Desktop/com_con/alu_RF/SCPU_TOP.xpr
INFO: [Project 1-313] Project file moved from 'C:/Users/ThD/Desktop/com_con/alu' since last save.
Scanning sources...
Finished scanning sources
INFO: [IP_Flow 19-234] Refreshing IP repositories
INFO: [IP_Flow 19-1704] No user IP repositories specified
INFO: [IP_Flow 19-2313] Loaded Vivado IP repository 'D:/vivado/Vivado/2019.2/data/ip'.
update_compile_order -fileset sources_1
update_compile_order -fileset sources_1
update_compile_order -fileset sources_1
update_compile_order -fileset sources_1
reset_run synth_1
launch_runs impl_1 -to_step write_bitstream -jobs 20
[Sun Dec  8 11:08:27 2024] Launched synth_1...
Run output will be captured here: C:/Users/ThD/Desktop/com_con/alu_RF/SCPU_TOP.runs/synth_1/runme.log
[Sun Dec  8 11:08:27 2024] Launched impl_1...
Run output will be captured here: C:/Users/ThD/Desktop/com_con/alu_RF/SCPU_TOP.runs/impl_1/runme.log
reset_run synth_1
launch_runs impl_1 -to_step write_bitstream -jobs 20
[Sun Dec  8 11:11:34 2024] Launched synth_1...
Run output will be captured here: C:/Users/ThD/Desktop/com_con/alu_RF/SCPU_TOP.runs/synth_1/runme.log
[Sun Dec  8 11:11:34 2024] Launched impl_1...
Run output will be captured here: C:/Users/ThD/Desktop/com_con/alu_RF/SCPU_TOP.runs/impl_1/runme.log
reset_run synth_1
launch_runs impl_1 -to_step write_bitstream -jobs 20
[Sun Dec  8 11:17:42 2024] Launched synth_1...
Run output will be captured here: C:/Users/ThD/Desktop/com_con/alu_RF/SCPU_TOP.runs/synth_1/runme.log
[Sun Dec  8 11:17:42 2024] Launched impl_1...
Run output will be captured here: C:/Users/ThD/Desktop/com_con/alu_RF/SCPU_TOP.runs/impl_1/runme.log
reset_run synth_1
launch_runs impl_1 -to_step write_bitstream -jobs 20
[Sun Dec  8 11:19:33 2024] Launched synth_1...
Run output will be captured here: C:/Users/ThD/Desktop/com_con/alu_RF/SCPU_TOP.runs/synth_1/runme.log
[Sun Dec  8 11:19:33 2024] Launched impl_1...
Run output will be captured here: C:/Users/ThD/Desktop/com_con/alu_RF/SCPU_TOP.runs/impl_1/runme.log
reset_run synth_1
launch_runs impl_1 -to_step write_bitstream -jobs 20
[Sun Dec  8 11:32:03 2024] Launched synth_1...
Run output will be captured here: C:/Users/ThD/Desktop/com_con/alu_RF/SCPU_TOP.runs/synth_1/runme.log
[Sun Dec  8 11:32:03 2024] Launched impl_1...
Run output will be captured here: C:/Users/ThD/Desktop/com_con/alu_RF/SCPU_TOP.runs/impl_1/runme.log
reset_run synth_1
launch_runs impl_1 -to_step write_bitstream -jobs 20
[Sun Dec  8 11:34:50 2024] Launched synth_1...
Run output will be captured here: C:/Users/ThD/Desktop/com_con/alu_RF/SCPU_TOP.runs/synth_1/runme.log
[Sun Dec  8 11:34:50 2024] Launched impl_1...
Run output will be captured here: C:/Users/ThD/Desktop/com_con/alu_RF/SCPU_TOP.runs/impl_1/runme.log
open_hw_manager
connect_hw_server -allow_non_jtag
INFO: [Labtools 27-2285] Connecting to hw_server url TCP:localhost:3121
INFO: [Labtools 27-2222] Launching hw_server...
INFO: [Labtools 27-2221] Launch Output:

****** Xilinx hw_server v2019.2
  **** Build date : Nov  6 2019 at 22:12:23
    ** Copyright 1986-2019 Xilinx, Inc. All Rights Reserved.


INFO: [Labtools 27-3415] Connecting to cs_server url TCP:localhost:3042
INFO: [Labtools 27-3417] Launching cs_server...
INFO: [Labtools 27-2221] Launch Output:


****** Xilinx cs_server v2019.2.0
  **** Build date : Nov 07 2019-13:28:22
    ** Copyright 2017-2019 Xilinx, Inc. All Rights Reserved.



connect_hw_server: Time (s): cpu = 00:00:00 ; elapsed = 00:00:06 . Memory (MB): peak = 1276.391 ; gain = 0.000
open_hw_target
INFO: [Labtoolstcl 44-466] Opening hw_target localhost:3121/xilinx_tcf/Digilent/210292B7D281A
set_property PROGRAM.FILE {C:/Users/ThD/Desktop/com_con/alu_RF/SCPU_TOP.runs/impl_1/SCPU_TOP.bit} [get_hw_devices xc7a100t_0]
current_hw_device [get_hw_devices xc7a100t_0]
refresh_hw_device -update_hw_probes false [lindex [get_hw_devices xc7a100t_0] 0]
INFO: [Labtools 27-1434] Device xc7a100t (JTAG device index = 0) is programmed with a design that has no supported debug core(s) in it.
set_property PROBES.FILE {} [get_hw_devices xc7a100t_0]
set_property FULL_PROBES.FILE {} [get_hw_devices xc7a100t_0]
set_property PROGRAM.FILE {C:/Users/ThD/Desktop/com_con/alu_RF/SCPU_TOP.runs/impl_1/SCPU_TOP.bit} [get_hw_devices xc7a100t_0]
program_hw_devices [get_hw_devices xc7a100t_0]
INFO: [Labtools 27-3164] End of startup status: HIGH
refresh_hw_device [lindex [get_hw_devices xc7a100t_0] 0]
INFO: [Labtools 27-1434] Device xc7a100t (JTAG device index = 0) is programmed with a design that has no supported debug core(s) in it.
reset_run synth_1
launch_runs impl_1 -to_step write_bitstream -jobs 20
[Sun Dec  8 11:41:07 2024] Launched synth_1...
Run output will be captured here: C:/Users/ThD/Desktop/com_con/alu_RF/SCPU_TOP.runs/synth_1/runme.log
[Sun Dec  8 11:41:07 2024] Launched impl_1...
Run output will be captured here: C:/Users/ThD/Desktop/com_con/alu_RF/SCPU_TOP.runs/impl_1/runme.log
reset_run synth_1
launch_runs impl_1 -to_step write_bitstream -jobs 20
[Sun Dec  8 11:42:46 2024] Launched synth_1...
Run output will be captured here: C:/Users/ThD/Desktop/com_con/alu_RF/SCPU_TOP.runs/synth_1/runme.log
[Sun Dec  8 11:42:46 2024] Launched impl_1...
Run output will be captured here: C:/Users/ThD/Desktop/com_con/alu_RF/SCPU_TOP.runs/impl_1/runme.log
reset_run synth_1
launch_runs impl_1 -to_step write_bitstream -jobs 20
[Sun Dec  8 11:44:09 2024] Launched synth_1...
Run output will be captured here: C:/Users/ThD/Desktop/com_con/alu_RF/SCPU_TOP.runs/synth_1/runme.log
[Sun Dec  8 11:44:09 2024] Launched impl_1...
Run output will be captured here: C:/Users/ThD/Desktop/com_con/alu_RF/SCPU_TOP.runs/impl_1/runme.log
open_run impl_1
INFO: [Device 21-403] Loading part xc7a100tcsg324-1
Netlist sorting complete. Time (s): cpu = 00:00:00 ; elapsed = 00:00:00.012 . Memory (MB): peak = 2610.629 ; gain = 0.000
INFO: [Netlist 29-17] Analyzing 154 Unisim elements for replacement
INFO: [Netlist 29-28] Unisim Transformation completed in 0 CPU seconds
INFO: [Project 1-479] Netlist was created with Vivado 2019.2
INFO: [Project 1-570] Preparing netlist for logic optimization
INFO: [Timing 38-478] Restoring timing data from binary archive.
INFO: [Common 17-41] Interrupt caught. Command should exit soon.
INFO: [Timing 38-479] Binary timing data restore complete.
INFO: [Project 1-856] Restoring constraints from binary archive.
INFO: [Project 1-853] Binary constraint restore complete.
Reading XDEF placement.
Reading placer database...
Reading XDEF routing.
Restored from archive | CPU: 0.000000 secs | Memory: 0.000000 MB |
Finished XDEF File Restore: Time (s): cpu = 00:00:00 ; elapsed = 00:00:00.082 . Memory (MB): peak = 3304.898 ; gain = 0.000
open_run: Time (s): cpu = 00:00:06 ; elapsed = 00:00:12 . Memory (MB): peak = 3304.898 ; gain = 899.953
INFO: [Common 17-344] 'open_run' was cancelled
reset_run synth_1
launch_runs impl_1 -to_step write_bitstream -jobs 20
[Sun Dec  8 11:46:31 2024] Launched synth_1...
Run output will be captured here: C:/Users/ThD/Desktop/com_con/alu_RF/SCPU_TOP.runs/synth_1/runme.log
[Sun Dec  8 11:46:31 2024] Launched impl_1...
Run output will be captured here: C:/Users/ThD/Desktop/com_con/alu_RF/SCPU_TOP.runs/impl_1/runme.log
reset_run synth_1
launch_runs impl_1 -to_step write_bitstream -jobs 20
[Sun Dec  8 11:49:10 2024] Launched synth_1...
Run output will be captured here: C:/Users/ThD/Desktop/com_con/alu_RF/SCPU_TOP.runs/synth_1/runme.log
[Sun Dec  8 11:49:10 2024] Launched impl_1...
Run output will be captured here: C:/Users/ThD/Desktop/com_con/alu_RF/SCPU_TOP.runs/impl_1/runme.log
open_run impl_1
Netlist sorting complete. Time (s): cpu = 00:00:00 ; elapsed = 00:00:00.012 . Memory (MB): peak = 3304.898 ; gain = 0.000
INFO: [Netlist 29-17] Analyzing 154 Unisim elements for replacement
INFO: [Netlist 29-28] Unisim Transformation completed in 0 CPU seconds
INFO: [Project 1-479] Netlist was created with Vivado 2019.2
INFO: [Project 1-570] Preparing netlist for logic optimization
INFO: [Timing 38-478] Restoring timing data from binary archive.
INFO: [Timing 38-479] Binary timing data restore complete.
INFO: [Project 1-856] Restoring constraints from binary archive.
INFO: [Project 1-853] Binary constraint restore complete.
Reading XDEF placement.
Reading placer database...
Reading XDEF routing.
Read XDEF File: Time (s): cpu = 00:00:00 ; elapsed = 00:00:00.144 . Memory (MB): peak = 3319.070 ; gain = 0.000
Restored from archive | CPU: 0.000000 secs | Memory: 0.000000 MB |
Finished XDEF File Restore: Time (s): cpu = 00:00:00 ; elapsed = 00:00:00.144 . Memory (MB): peak = 3319.070 ; gain = 0.000
Netlist sorting complete. Time (s): cpu = 00:00:00 ; elapsed = 00:00:00 . Memory (MB): peak = 3319.070 ; gain = 0.000
INFO: [Project 1-111] Unisim Transformation Summary:
No Unisim elements were transformed.

INFO: [Common 17-41] Interrupt caught. Command should exit soon.
INFO: [Common 17-344] 'open_run' was cancelled
ERROR: [Labtoolstcl 44-513] HW Target shutdown. Closing target: localhost:3121/xilinx_tcf/Digilent/210292B7D281A
exit
INFO: [Common 17-206] Exiting Vivado at Sun Dec  8 12:59:24 2024...
