#-----------------------------------------------------------
# Vivado v2019.2 (64-bit)
# SW Build 2708876 on Wed Nov  6 21:40:23 MST 2019
# IP Build 2700528 on Thu Nov  7 00:09:20 MST 2019
# Start of session at: Wed Dec 11 22:21:02 2024
# Process ID: 5540
# Current directory: C:/Users/ThD/Desktop/com_con/DM
# Command line: vivado.exe -gui_launcher_event rodinguilauncherevent12012 C:\Users\ThD\Desktop\com_con\DM\SCPU_TOP.xpr
# Log file: C:/Users/ThD/Desktop/com_con/DM/vivado.log
# Journal file: C:/Users/ThD/Desktop/com_con/DM\vivado.jou
#-----------------------------------------------------------
start_gui
open_project C:/Users/ThD/Desktop/com_con/DM/SCPU_TOP.xpr
INFO: [Project 1-313] Project file moved from 'C:/Users/ThD/Desktop/com_con/alu_RF' since last save.
Scanning sources...
Finished scanning sources
INFO: [IP_Flow 19-234] Refreshing IP repositories
INFO: [IP_Flow 19-1704] No user IP repositories specified
INFO: [IP_Flow 19-2313] Loaded Vivado IP repository 'D:/vivado/Vivado/2019.2/data/ip'.
update_compile_order -fileset sources_1
close [ open C:/Users/ThD/Desktop/com_con/DM/SCPU_TOP.srcs/sources_1/new/DM.v w ]
add_files C:/Users/ThD/Desktop/com_con/DM/SCPU_TOP.srcs/sources_1/new/DM.v
update_compile_order -fileset sources_1
add_files -norecurse C:/Users/ThD/Desktop/com_con/DM/SCPU_TOP.srcs/sources_1/new/dm.v
WARNING: [filemgmt 56-12] File 'C:/Users/ThD/Desktop/com_con/DM/SCPU_TOP.srcs/sources_1/new/dm.v' cannot be added to the project because it already exists in the project, skipping this file
exit
INFO: [Common 17-206] Exiting Vivado at Wed Dec 11 22:56:15 2024...
