#-----------------------------------------------------------
# Vivado v2019.2 (64-bit)
# SW Build 2708876 on Wed Nov  6 21:40:23 MST 2019
# IP Build 2700528 on Thu Nov  7 00:09:20 MST 2019
# Start of session at: Sun Dec  8 09:27:43 2024
# Process ID: 1692
# Current directory: C:/Users/ThD/Desktop/com_con/RF
# Command line: vivado.exe -gui_launcher_event rodinguilauncherevent9272 C:\Users\ThD\Desktop\com_con\RF\SCPU_TOP.xpr
# Log file: C:/Users/ThD/Desktop/com_con/RF/vivado.log
# Journal file: C:/Users/ThD/Desktop/com_con/RF\vivado.jou
#-----------------------------------------------------------
start_gui
open_project C:/Users/ThD/Desktop/com_con/RF/SCPU_TOP.xpr
INFO: [Project 1-313] Project file moved from 'C:/Users/ThD/Desktop/com_con/SCPU_TOP' since last save.
Scanning sources...
Finished scanning sources
INFO: [IP_Flow 19-234] Refreshing IP repositories
INFO: [IP_Flow 19-1704] No user IP repositories specified
INFO: [IP_Flow 19-2313] Loaded Vivado IP repository 'D:/vivado/Vivado/2019.2/data/ip'.
update_compile_order -fileset sources_1
close [ open C:/Users/ThD/Desktop/com_con/RF/SCPU_TOP.srcs/sources_1/new/RF.v w ]
add_files C:/Users/ThD/Desktop/com_con/RF/SCPU_TOP.srcs/sources_1/new/RF.v
update_compile_order -fileset sources_1
update_compile_order -fileset sources_1
update_compile_order -fileset sources_1
add_files -norecurse C:/Users/ThD/Desktop/com_con/RF/SCPU_TOP.srcs/sources_1/new/RF.v
WARNING: [filemgmt 56-12] File 'C:/Users/ThD/Desktop/com_con/RF/SCPU_TOP.srcs/sources_1/new/RF.v' cannot be added to the project because it already exists in the project, skipping this file
update_compile_order -fileset sources_1
update_compile_order -fileset sources_1
update_compile_order -fileset sources_1
reset_run synth_1
launch_runs impl_1 -to_step write_bitstream -jobs 20
[Sun Dec  8 09:56:27 2024] Launched synth_1...
Run output will be captured here: C:/Users/ThD/Desktop/com_con/RF/SCPU_TOP.runs/synth_1/runme.log
[Sun Dec  8 09:56:27 2024] Launched impl_1...
Run output will be captured here: C:/Users/ThD/Desktop/com_con/RF/SCPU_TOP.runs/impl_1/runme.log
reset_run synth_1
launch_runs impl_1 -to_step write_bitstream -jobs 20
[Sun Dec  8 09:58:05 2024] Launched synth_1...
Run output will be captured here: C:/Users/ThD/Desktop/com_con/RF/SCPU_TOP.runs/synth_1/runme.log
[Sun Dec  8 09:58:05 2024] Launched impl_1...
Run output will be captured here: C:/Users/ThD/Desktop/com_con/RF/SCPU_TOP.runs/impl_1/runme.log
reset_run synth_1
launch_runs impl_1 -to_step write_bitstream -jobs 20
[Sun Dec  8 09:59:38 2024] Launched synth_1...
Run output will be captured here: C:/Users/ThD/Desktop/com_con/RF/SCPU_TOP.runs/synth_1/runme.log
[Sun Dec  8 09:59:38 2024] Launched impl_1...
Run output will be captured here: C:/Users/ThD/Desktop/com_con/RF/SCPU_TOP.runs/impl_1/runme.log
reset_run synth_1
launch_runs impl_1 -to_step write_bitstream -jobs 20
[Sun Dec  8 10:00:36 2024] Launched synth_1...
Run output will be captured here: C:/Users/ThD/Desktop/com_con/RF/SCPU_TOP.runs/synth_1/runme.log
[Sun Dec  8 10:00:36 2024] Launched impl_1...
Run output will be captured here: C:/Users/ThD/Desktop/com_con/RF/SCPU_TOP.runs/impl_1/runme.log
reset_run synth_1
launch_runs impl_1 -to_step write_bitstream -jobs 20
[Sun Dec  8 10:02:42 2024] Launched synth_1...
Run output will be captured here: C:/Users/ThD/Desktop/com_con/RF/SCPU_TOP.runs/synth_1/runme.log
[Sun Dec  8 10:02:42 2024] Launched impl_1...
Run output will be captured here: C:/Users/ThD/Desktop/com_con/RF/SCPU_TOP.runs/impl_1/runme.log
CRITICAL WARNING: [Common 17-1649] The Vivado message database 'C:/Users/ThD/Desktop/com_con/RF/SCPU_TOP.runs/synth_1/vivado.pb' contains 25557 messages. Restoring all messages from this message database will impact Vivado performance, so only WARNING, CRITICAL WARNING, and ERROR messages will be restored. To restore all messages from this file use the tcl command 'set_param messaging.loadPbLimit 25558' and re-open the project.
reset_run impl_1 -prev_step 
launch_runs impl_1 -to_step write_bitstream -jobs 20
[Sun Dec  8 10:04:28 2024] Launched impl_1...
Run output will be captured here: C:/Users/ThD/Desktop/com_con/RF/SCPU_TOP.runs/impl_1/runme.log
reset_run impl_1 -prev_step 
launch_runs impl_1 -to_step write_bitstream -jobs 20
[Sun Dec  8 10:09:38 2024] Launched impl_1...
Run output will be captured here: C:/Users/ThD/Desktop/com_con/RF/SCPU_TOP.runs/impl_1/runme.log
update_compile_order -fileset sources_1
update_compile_order -fileset sources_1
reset_run synth_1
launch_runs impl_1 -to_step write_bitstream -jobs 20
[Sun Dec  8 10:17:51 2024] Launched synth_1...
Run output will be captured here: C:/Users/ThD/Desktop/com_con/RF/SCPU_TOP.runs/synth_1/runme.log
[Sun Dec  8 10:17:51 2024] Launched impl_1...
Run output will be captured here: C:/Users/ThD/Desktop/com_con/RF/SCPU_TOP.runs/impl_1/runme.log
open_hw_manager
connect_hw_server -allow_non_jtag
INFO: [Labtools 27-2285] Connecting to hw_server url TCP:localhost:3121
INFO: [Labtools 27-2222] Launching hw_server...
INFO: [Labtools 27-2221] Launch Output:

****** Xilinx hw_server v2019.2
  **** Build date : Nov  6 2019 at 22:12:23
    ** Copyright 1986-2019 Xilinx, Inc. All Rights Reserved.


INFO: [Labtools 27-3415] Connecting to cs_server url TCP:localhost:3042
INFO: [Labtools 27-3417] Launching cs_server...
INFO: [Labtools 27-2221] Launch Output:


****** Xilinx cs_server v2019.2.0
  **** Build date : Nov 07 2019-13:28:22
    ** Copyright 2017-2019 Xilinx, Inc. All Rights Reserved.



connect_hw_server: Time (s): cpu = 00:00:00 ; elapsed = 00:00:06 . Memory (MB): peak = 2605.402 ; gain = 0.000
open_hw_target
INFO: [Labtoolstcl 44-466] Opening hw_target localhost:3121/xilinx_tcf/Digilent/210292B7D281A
set_property PROGRAM.FILE {C:/Users/ThD/Desktop/com_con/RF/SCPU_TOP.runs/impl_1/SCPU_TOP.bit} [get_hw_devices xc7a100t_0]
current_hw_device [get_hw_devices xc7a100t_0]
refresh_hw_device -update_hw_probes false [lindex [get_hw_devices xc7a100t_0] 0]
INFO: [Labtools 27-1434] Device xc7a100t (JTAG device index = 0) is programmed with a design that has no supported debug core(s) in it.
set_property PROBES.FILE {} [get_hw_devices xc7a100t_0]
set_property FULL_PROBES.FILE {} [get_hw_devices xc7a100t_0]
set_property PROGRAM.FILE {C:/Users/ThD/Desktop/com_con/RF/SCPU_TOP.runs/impl_1/SCPU_TOP.bit} [get_hw_devices xc7a100t_0]
program_hw_devices [get_hw_devices xc7a100t_0]
INFO: [Labtools 27-3164] End of startup status: HIGH
refresh_hw_device [lindex [get_hw_devices xc7a100t_0] 0]
INFO: [Labtools 27-1434] Device xc7a100t (JTAG device index = 0) is programmed with a design that has no supported debug core(s) in it.
reset_run synth_1
launch_runs impl_1 -to_step write_bitstream -jobs 20
[Sun Dec  8 10:23:56 2024] Launched synth_1...
Run output will be captured here: C:/Users/ThD/Desktop/com_con/RF/SCPU_TOP.runs/synth_1/runme.log
[Sun Dec  8 10:23:56 2024] Launched impl_1...
Run output will be captured here: C:/Users/ThD/Desktop/com_con/RF/SCPU_TOP.runs/impl_1/runme.log
set_property PROBES.FILE {} [get_hw_devices xc7a100t_0]
set_property FULL_PROBES.FILE {} [get_hw_devices xc7a100t_0]
set_property PROGRAM.FILE {C:/Users/ThD/Desktop/com_con/RF/SCPU_TOP.runs/impl_1/SCPU_TOP.bit} [get_hw_devices xc7a100t_0]
program_hw_devices [get_hw_devices xc7a100t_0]
INFO: [Labtools 27-3164] End of startup status: HIGH
refresh_hw_device [lindex [get_hw_devices xc7a100t_0] 0]
INFO: [Labtools 27-1434] Device xc7a100t (JTAG device index = 0) is programmed with a design that has no supported debug core(s) in it.
exit
INFO: [Common 17-206] Exiting Vivado at Sun Dec  8 10:45:42 2024...
