#-----------------------------------------------------------
# Vivado v2019.2 (64-bit)
# SW Build 2708876 on Wed Nov  6 21:40:23 MST 2019
# IP Build 2700528 on Thu Nov  7 00:09:20 MST 2019
# Start of session at: Thu Dec 12 21:57:32 2024
# Process ID: 17272
# Current directory: C:/Users/ThD/Desktop/com_con/connection
# Command line: vivado.exe -gui_launcher_event rodinguilauncherevent19648 C:\Users\ThD\Desktop\com_con\connection\SCPU_TOP.xpr
# Log file: C:/Users/ThD/Desktop/com_con/connection/vivado.log
# Journal file: C:/Users/ThD/Desktop/com_con/connection\vivado.jou
#-----------------------------------------------------------
start_gui
open_project C:/Users/ThD/Desktop/com_con/connection/SCPU_TOP.xpr
Scanning sources...
Finished scanning sources
INFO: [IP_Flow 19-234] Refreshing IP repositories
INFO: [IP_Flow 19-1704] No user IP repositories specified
INFO: [IP_Flow 19-2313] Loaded Vivado IP repository 'D:/vivado/Vivado/2019.2/data/ip'.
update_compile_order -fileset sources_1
reset_run synth_1
launch_runs impl_1 -to_step write_bitstream -jobs 20
[Thu Dec 12 22:24:14 2024] Launched synth_1...
Run output will be captured here: C:/Users/ThD/Desktop/com_con/connection/SCPU_TOP.runs/synth_1/runme.log
[Thu Dec 12 22:24:14 2024] Launched impl_1...
Run output will be captured here: C:/Users/ThD/Desktop/com_con/connection/SCPU_TOP.runs/impl_1/runme.log
reset_run synth_1
launch_runs impl_1 -to_step write_bitstream -jobs 20
[Thu Dec 12 22:24:51 2024] Launched synth_1...
Run output will be captured here: C:/Users/ThD/Desktop/com_con/connection/SCPU_TOP.runs/synth_1/runme.log
[Thu Dec 12 22:24:51 2024] Launched impl_1...
Run output will be captured here: C:/Users/ThD/Desktop/com_con/connection/SCPU_TOP.runs/impl_1/runme.log
reset_run synth_1
launch_runs impl_1 -to_step write_bitstream -jobs 20
[Thu Dec 12 22:28:20 2024] Launched synth_1...
Run output will be captured here: C:/Users/ThD/Desktop/com_con/connection/SCPU_TOP.runs/synth_1/runme.log
[Thu Dec 12 22:28:20 2024] Launched impl_1...
Run output will be captured here: C:/Users/ThD/Desktop/com_con/connection/SCPU_TOP.runs/impl_1/runme.log
reset_run synth_1
launch_runs impl_1 -to_step write_bitstream -jobs 20
[Thu Dec 12 22:40:35 2024] Launched synth_1...
Run output will be captured here: C:/Users/ThD/Desktop/com_con/connection/SCPU_TOP.runs/synth_1/runme.log
[Thu Dec 12 22:40:35 2024] Launched impl_1...
Run output will be captured here: C:/Users/ThD/Desktop/com_con/connection/SCPU_TOP.runs/impl_1/runme.log
reset_run synth_1
launch_runs impl_1 -to_step write_bitstream -jobs 20
[Thu Dec 12 22:41:17 2024] Launched synth_1...
Run output will be captured here: C:/Users/ThD/Desktop/com_con/connection/SCPU_TOP.runs/synth_1/runme.log
[Thu Dec 12 22:41:17 2024] Launched impl_1...
Run output will be captured here: C:/Users/ThD/Desktop/com_con/connection/SCPU_TOP.runs/impl_1/runme.log
exit
INFO: [Common 17-206] Exiting Vivado at Thu Dec 12 22:44:32 2024...
