#-----------------------------------------------------------
# Vivado v2019.2 (64-bit)
# SW Build 2708876 on Wed Nov  6 21:40:23 MST 2019
# IP Build 2700528 on Thu Nov  7 00:09:20 MST 2019
# Start of session at: Sun Dec 22 11:58:33 2024
# Process ID: 10504
# Current directory: C:/Users/ThD/Desktop/com_con/connection_already
# Command line: vivado.exe -gui_launcher_event rodinguilauncherevent12588 C:\Users\ThD\Desktop\com_con\connection_already\SCPU_TOP.xpr
# Log file: C:/Users/ThD/Desktop/com_con/connection_already/vivado.log
# Journal file: C:/Users/ThD/Desktop/com_con/connection_already\vivado.jou
#-----------------------------------------------------------
start_gui
open_project C:/Users/ThD/Desktop/com_con/connection_already/SCPU_TOP.xpr
Scanning sources...
Finished scanning sources
INFO: [IP_Flow 19-234] Refreshing IP repositories
INFO: [IP_Flow 19-1704] No user IP repositories specified
INFO: [IP_Flow 19-2313] Loaded Vivado IP repository 'D:/vivado/Vivado/2019.2/data/ip'.
update_compile_order -fileset sources_1
exit
INFO: [Common 17-206] Exiting Vivado at Sun Dec 22 12:03:59 2024...
